[0m[2021-12-21 21:59:47.897][Trace][20508][826xoa3q] gb28181: client id=31011500991320003485 sip session is remove
[0m[2021-12-21 21:59:48.747][Trace][20508][y31u9477] gb28181: client id=31011500991180002195 sip session is remove
[0m[2021-12-21 21:59:49.225][Trace][20508][50f8282j] gb28181: client id=31011500991320003483 sip session is remove
[0m[2021-12-21 21:59:49.362][Trace][20508][50f8282j] gb28181: client id=31011500991320003484 sip session is remove
[0m[2021-12-21 21:59:49.651][Trace][20508][50f8282j] gb28181: client id=31011500991320003486 sip session is remove
[0m[2021-12-21 21:59:50.946][Trace][20508][8om57093] gb28181: client id=31011500991180002193 sip session is remove
[0m[2021-12-21 21:59:50.974][Trace][20508][s005q444] gb28181: client id=31011500991180002199 sip session is remove
[0m[2021-12-21 21:59:51.554][Trace][20508][514a28n1] gb28181: client id=31011500991320003471 sip session is remove
[0m[2021-12-21 21:59:52.114][Trace][20508][cssau980] gb28181: client id=31011500991180002072 sip session is remove
[2021-12-21 21:59:52.431][Trace][20508][cssau980] gb28181: client id=31011500991180002191 sip session is remove
[0m[2021-12-21 21:59:52.681][Trace][20508][cssau980] gb28181: client id=31011500001320000001 sip session is remove
[0m[2021-12-21 21:59:52.913][Trace][20508][cssau980] gb28181: client id=31011500991320003485 sip session is remove
[0m[2021-12-21 21:59:53.603][Trace][20508][8u8d5q9r] gb28181: client id=34020000001180000001 sip session is remove
[0m[2021-12-21 21:59:54.246][Trace][20508][074d8o8h] gb28181: client id=31011500991320003483 sip session is remove
[0m[2021-12-21 21:59:54.370][Trace][20508][462i3395] gb28181: client id=31011500991320003484 sip session is remove
[0m[2021-12-21 21:59:54.674][Trace][20508][074d8o8h] gb28181: client id=31011500991320003486 sip session is remove
[0m[2021-12-21 21:59:54.762][Trace][20508][074d8o8h] gb28181: client id=31011500991180002202 sip session is remove
[0m[2021-12-21 21:59:56.574][Trace][20508][94b75d6a] gb28181: client id=31011500991320003471 sip session is remove
[0m[2021-12-21 21:59:57.682][Trace][20508][0b9a6688] gb28181: client id=31011500001320000001 sip session is remove
[0m[2021-12-21 21:59:43.575][Trace][13627][y415z594] gb28181: client id=31011500991320003127 sip session is remove
[0m[2021-12-21 21:59:43.642][Trace][13627][y415z594] gb28181: client id=31011500991320003121 sip session is remove
[0m[2021-12-21 21:59:44.201][Trace][13627][52rp0v8r] gb28181: client id=31011500991320003129 sip session is remove
[0m[2021-12-21 21:59:44.576][Trace][13627][z229u9r1] gb28181: client id=31011500991320003126 sip session is remove
[0m[2021-12-21 21:59:44.886][Trace][13627][52rp0v8r] gb28181: client id=31011500991320003125 sip session is remove
[2021-12-21 21:59:49.644][Trace][13627][50f8282j] gb28181: client id=31011500991320003126 sip session is remove
[0m[2021-12-21 21:59:49.646][Trace][13627][zan1uc38] gb28181: client id=31011500991320000383 sip session is remove
[2021-12-21 21:59:49.675][Trace][13627][2ms02905] gb28181: client id=31011500991320006938 sip session is remove
[0m[2021-12-21 21:59:49.877][Trace][13627][50f8282j] gb28181: client id=31011500991320003125 sip session is remove
[0m[2021-12-21 21:59:49.939][Trace][13627][50f8282j] gb28181: client id=31011500991320003113 sip session is remove
[0m[2021-12-21 21:59:50.525][Trace][13627][8om57093] gb28181: client id=31011500991320003109 sip session is remove
[0m[2021-12-21 21:59:51.023][Trace][13627][8om57093] gb28181: client id=31011500991320002041 sip session is remove
[0m[2021-12-21 21:59:51.744][Trace][13627][514a28n1] gb28181: client id=31011500991180001439 sip session is remove
[0m[2021-12-21 21:59:51.852][Trace][13627][514a28n1] gb28181: client id=31011500991320003103 sip session is remove
[0m[2021-12-21 21:59:51.894][Trace][13627][514a28n1] gb28181: client id=31011500991320003110 sip session is remove
[2021-12-21 21:59:52.700][Trace][13627][yfm82489] gb28181: client id=31011500991320006941 sip session is remove
[0m[2021-12-21 21:59:52.785][Trace][13627][78w743qr] gb28181: client id=31011500991320003112 sip session is remove
[2021-12-21 21:59:52.921][Trace][13627][74b8r82b] gb28181: client id=31011500991320004655 sip session is remove
[0m[2021-12-21 21:59:53.183][Trace][13627][8u8d5q9r] gb28181: client id=31011500991320003111 sip session is remove
[0m[2021-12-21 21:59:43.232][Trace][13627][y415z594] gb28181: client id=31011500991320003111 sip session is remove
[0m[2021-12-21 21:59:43.452][Trace][13627][y415z594] gb28181: client id=31011500991320003128 sip session is remove
[2021-12-21 21:59:43.924][Trace][13627][989663o1] gb28181: client id=31011500991320004659 sip session is remove
[0m[2021-12-21 21:59:44.398][Trace][13627][52rp0v8r] gb28181: client id=31011500991320003117 sip session is remove
[0m[2021-12-21 21:59:44.910][Trace][13627][fc3yw876] gb28181: client id=31011500991320003113 sip session is remove
[0m[2021-12-21 21:59:45.478][Trace][13627][645n35vi] gb28181: client id=31011500991180001786 sip session is remove
[2021-12-21 21:59:45.499][Trace][13627][953gq7z5] gb28181: client id=31011500991320003109 sip session is remove
[0m[2021-12-21 21:59:46.817][Trace][13627][638g0e11] gb28181: client id=31011500991320003103 sip session is remove
[0m[2021-12-21 21:59:46.879][Trace][13627][638g0e11] gb28181: client id=31011500991320003110 sip session is remove
[0m[2021-12-21 21:59:47.777][Trace][13627][826xoa3q] gb28181: client id=31011500991320003112 sip session is remove
[2021-12-21 21:59:48.191][Trace][13627][863x333q] gb28181: client id=31011500991320004891 sip session is remove
[0m[2021-12-21 21:59:48.214][Trace][13627][y31u9477] gb28181: client id=31011500991180001857 sip session is remove
[0m[2021-12-21 21:59:48.222][Trace][13627][x4kh5oo0] gb28181: client id=31011500991320003111 sip session is remove
[2021-12-21 21:59:48.250][Trace][13627][882p8r15] gb28181: client id=44010200492000000001 sip session is remove
[0m[2021-12-21 21:59:48.335][Trace][13627][e07k25j2] gb28181: client id=31011500991320003128 sip session is remove
[0m[2021-12-21 21:59:48.419][Trace][13627][y31u9477] gb28181: client id=31011500991320000021 sip session is remove
[0m[2021-12-21 21:59:48.453][Trace][13627][x4kh5oo0] gb28181: client id=31011500991320003127 sip session is remove
[0m[2021-12-21 21:59:48.645][Trace][13627][y31u9477] gb28181: client id=31011500991320003121 sip session is remove
[0m[2021-12-21 21:59:49.316][Trace][13627][50f8282j] gb28181: client id=31011500991320003129 sip session is remove
[0m[2021-12-21 21:59:49.425][Trace][13627][50f8282j] gb28181: client id=31011500991320003117 sip session is remove
[0m[2021-12-21 21:59:37.677][Trace][20508][s8e657fg] gb28181: client id=31011500001320000001 sip session is remove
[0m[2021-12-21 21:59:37.841][Trace][20508][s8e657fg] gb28181: client id=31011500991320003485 sip session is remove
[0m[2021-12-21 21:59:38.574][Trace][20508][4420lu08] gb28181: client id=31011500991180002077 sip session is remove
[0m[2021-12-21 21:59:38.719][Trace][20508][4420lu08] gb28181: client id=31011500991180002201 sip session is remove
[0m[2021-12-21 21:59:39.214][Trace][20508][89fs3o4t] gb28181: client id=31011500991320003483 sip session is remove
[0m[2021-12-21 21:59:39.294][Trace][20508][89fs3o4t] gb28181: client id=31011500991320003484 sip session is remove
[0m[2021-12-21 21:59:39.617][Trace][20508][89fs3o4t] gb28181: client id=31011500991320003486 sip session is remove
[0m[2021-12-21 21:59:41.526][Trace][20508][0u000d7d] gb28181: client id=31011500991320003471 sip session is remove
[2021-12-21 21:59:42.052][Trace][20508][0422f70g] gb28181: client id=31011500991320003336 sip session is remove
[0m[2021-12-21 21:59:42.054][Trace][20508][7t1v5u79] gb28181: client id=31011500991180002200 sip session is remove
[0m[2021-12-21 21:59:42.677][Trace][20508][0422f70g] gb28181: client id=31011500001320000001 sip session is remove
[0m[2021-12-21 21:59:42.878][Trace][20508][0422f70g] gb28181: client id=31011500991320003485 sip session is remove
[0m[2021-12-21 21:59:44.234][Trace][20508][52rp0v8r] gb28181: client id=31011500991320003483 sip session is remove
[0m[2021-12-21 21:59:44.327][Trace][20508][52rp0v8r] gb28181: client id=31011500991320003484 sip session is remove
[0m[2021-12-21 21:59:44.633][Trace][20508][52rp0v8r] gb28181: client id=31011500991320003486 sip session is remove
[0m[2021-12-21 21:59:46.366][Trace][20508][638g0e11] gb28181: client id=31011500991180002194 sip session is remove
[0m[2021-12-21 21:59:46.533][Trace][20508][638g0e11] gb28181: client id=31011500991320003471 sip session is remove
[0m[2021-12-21 21:59:47.679][Trace][20508][826xoa3q] gb28181: client id=31011500001320000001 sip session is remove
[0m[2021-12-21 21:59:32.711][Trace][13627][v77y5g99] gb28181: client id=31011500991320003112 sip session is remove
[0m[2021-12-21 21:59:33.138][Trace][13627][8l0grl3j] gb28181: client id=31011500991320003111 sip session is remove
[0m[2021-12-21 21:59:33.216][Trace][13627][8l0grl3j] gb28181: client id=31011500991320003128 sip session is remove
[0m[2021-12-21 21:59:33.388][Trace][13627][8l0grl3j] gb28181: client id=31011500991320003127 sip session is remove
[0m[2021-12-21 21:59:33.574][Trace][13627][8l0grl3j] gb28181: client id=31011500991320003121 sip session is remove
[0m[2021-12-21 21:59:34.171][Trace][13627][y4319eqp] gb28181: client id=31011500991320003129 sip session is remove
[0m[2021-12-21 21:59:34.314][Trace][13627][y4319eqp] gb28181: client id=31011500991180001439 sip session is remove
[0m[2021-12-21 21:59:34.381][Trace][13627][y4319eqp] gb28181: client id=31011500991320003117 sip session is remove
[0m[2021-12-21 21:59:34.443][Trace][13627][y4319eqp] gb28181: client id=31011500991320000585 sip session is remove
[0m[2021-12-21 21:59:34.563][Trace][13627][y4319eqp] gb28181: client id=31011500991320003126 sip session is remove
[0m[2021-12-21 21:59:34.645][Trace][13627][y4319eqp] gb28181: client id=3101150099132001296 sip session is remove
[0m[2021-12-21 21:59:34.812][Trace][13627][y4319eqp] gb28181: client id=31011500991320003125 sip session is remove
[0m[2021-12-21 21:59:34.873][Trace][13627][y4319eqp] gb28181: client id=31011500991320003113 sip session is remove
[0m[2021-12-21 21:59:35.465][Trace][13627][kq4om561] gb28181: client id=31011500991320003109 sip session is remove
[0m[2021-12-21 21:59:35.874][Trace][13627][kq4om561] gb28181: client id=31011500991180001854 sip session is remove
[0m[2021-12-21 21:59:36.437][Trace][13627][h380027t] gb28181: client id=31011500991320000365 sip session is remove
[0m[2021-12-21 21:59:36.775][Trace][13627][h380027t] gb28181: client id=31011500991320003103 sip session is remove
[2021-12-21 21:59:36.837][Trace][13627][h380027t] gb28181: client id=31011500991320003110 sip session is remove
[2021-12-21 21:59:36.917][Trace][13627][2z576a95] gb28181: client id=31011500991320004590 sip session is remove
[0m[2021-12-21 21:59:37.746][Trace][13627][s8e657fg] gb28181: client id=31011500991320003112 sip session is remove
[2021-12-21 21:59:37.918][Trace][13627][9d51t31p] gb28181: client id=31011500991320005702 sip session is remove
[2021-12-21 21:59:37.920][Trace][13627][r1z12w18] gb28181: client id=31011500991320004676 sip session is remove
[0m[2021-12-21 21:59:38.142][Trace][13627][4420lu08] gb28181: client id=31011500991320003111 sip session is remove
[0m[2021-12-21 21:59:38.242][Trace][13627][4420lu08] gb28181: client id=31011500991320003128 sip session is remove
[2021-12-21 21:59:38.388][Trace][13627][4420lu08] gb28181: client id=31011500991320003127 sip session is remove
[0m[2021-12-21 21:59:38.427][Trace][13627][v375b7af] gb28181: client id=31011500991320000314 sip session is remove
[0m[2021-12-21 21:59:38.601][Trace][13627][4420lu08] gb28181: client id=31011500991320003121 sip session is remove
[0m[2021-12-21 21:59:39.180][Trace][13627][89fs3o4t] gb28181: client id=31011500991320003129 sip session is remove
[0m[2021-12-21 21:59:39.397][Trace][13627][89fs3o4t] gb28181: client id=31011500991320003117 sip session is remove
[0m[2021-12-21 21:59:39.577][Trace][13627][89fs3o4t] gb28181: client id=31011500991320003126 sip session is remove
[0m[2021-12-21 21:59:39.936][Trace][13627][89fs3o4t] gb28181: client id=31011500991320003125 sip session is remove
[0m[2021-12-21 21:59:39.985][Trace][13627][8w66gw77] gb28181: client id=31011500991320003113 sip session is remove
[0m[2021-12-21 21:59:40.502][Trace][13627][02q58326] gb28181: client id=31011500991320003109 sip session is remove
[0m[2021-12-21 21:59:41.401][Trace][13627][0u000d7d] gb28181: client id=31011500991320000164 sip session is remove
[0m[2021-12-21 21:59:41.818][Trace][13627][0u000d7d] gb28181: client id=31011500991320003103 sip session is remove
[0m[2021-12-21 21:59:41.882][Trace][13627][0u000d7d] gb28181: client id=31011500991320003110 sip session is remove
[2021-12-21 21:59:42.275][Trace][13627][0422f70g] gb28181: client id=31011500991320006756 sip session is remove
[0m[2021-12-21 21:59:42.743][Trace][13627][1p41fn58] gb28181: client id=31011500991320003112 sip session is remove
[0m[2021-12-21 21:59:27.674][Trace][20508][66263373] gb28181: client id=31011500001320000001 sip session is remove
[0m[2021-12-21 21:59:27.800][Trace][20508][66263373] gb28181: client id=31011500991320003485 sip session is remove
[0m[2021-12-21 21:59:29.197][Trace][20508][z430o65e] gb28181: client id=31011500991320003483 sip session is remove
[0m[2021-12-21 21:59:29.269][Trace][20508][z430o65e] gb28181: client id=31011500991320003484 sip session is remove
[0m[2021-12-21 21:59:29.594][Trace][20508][z430o65e] gb28181: client id=31011500991320003486 sip session is remove
[0m[2021-12-21 21:59:31.476][Trace][20508][9w26637s] gb28181: client id=31011500991320003471 sip session is remove
[0m[2021-12-21 21:59:32.676][Trace][20508][v77y5g99] gb28181: client id=31011500001320000001 sip session is remove
[0m[2021-12-21 21:59:32.831][Trace][20508][v77y5g99] gb28181: client id=31011500991320003485 sip session is remove
[0m[2021-12-21 21:59:34.199][Trace][20508][y4319eqp] gb28181: client id=31011500991320003483 sip session is remove
[0m[2021-12-21 21:59:34.275][Trace][20508][y4319eqp] gb28181: client id=31011500991320003484 sip session is remove
[0m[2021-12-21 21:59:34.588][Trace][20508][y4319eqp] gb28181: client id=31011500991320003486 sip session is remove
[0m[2021-12-21 21:59:36.495][Trace][20508][h380027t] gb28181: client id=31011500991320003471 sip session is remove
[0m[2021-12-21 21:59:22.703][Trace][13627][211euyjc] gb28181: client id=31011500991320003112 sip session is remove
[0m[2021-12-21 21:59:23.103][Trace][13627][rq0791z5] gb28181: client id=31011500991320003111 sip session is remove
[0m[2021-12-21 21:59:23.184][Trace][13627][rq0791z5] gb28181: client id=31011500991320003128 sip session is remove
[0m[2021-12-21 21:59:23.244][Trace][13627][5f154226] gb28181: client id=31011500991320000503 sip session is remove
[0m[2021-12-21 21:59:23.315][Trace][13627][rq0791z5] gb28181: client id=31011500991320003127 sip session is remove
[0m[2021-12-21 21:59:23.564][Trace][13627][rq0791z5] gb28181: client id=31011500991320003121 sip session is remove
[0m[2021-12-21 21:59:23.646][Trace][13627][12069959] gb28181: client id=31011500991180000535 sip session is remove
[0m[2021-12-21 21:59:24.130][Trace][13627][p5165c72] gb28181: client id=31011500991320003129 sip session is remove
[0m[2021-12-21 21:59:24.358][Trace][13627][p5165c72] gb28181: client id=31011500991320003117 sip session is remove
[0m[2021-12-21 21:59:24.421][Trace][13627][p5165c72] gb28181: client id=31011500991320001072 sip session is remove
[0m[2021-12-21 21:59:24.532][Trace][13627][p5165c72] gb28181: client id=31011500991320003126 sip session is remove
[2021-12-21 21:59:24.797][Trace][13627][p5165c72] gb28181: client id=31011500991320003125 sip session is remove
[0m[2021-12-21 21:59:24.833][Trace][13627][p5165c72] gb28181: client id=31011500991320003113 sip session is remove
[0m[2021-12-21 21:59:24.868][Trace][13627][0013720p] gb28181: client id=31011500991180002168 sip session is remove
[2021-12-21 21:59:24.915][Trace][13627][0h83fd4j] gb28181: client id=31011500991320004595 sip session is remove
[0m[2021-12-21 21:59:25.444][Trace][13627][t1hu28y1] gb28181: client id=31011500991320003109 sip session is remove
[0m[2021-12-21 21:59:25.468][Trace][13627][1312067b] gb28181: client id=31011500991320001078 sip session is remove
[0m[2021-12-21 21:59:26.336][Trace][13627][7n2p5hr9] gb28181: client id=31011500991180001853 sip session is remove
[0m[2021-12-21 21:59:26.675][Trace][13627][1khe1m17] gb28181: client id=31011500991180002818 sip session is remove
[0m[2021-12-21 21:59:26.776][Trace][13627][7n2p5hr9] gb28181: client id=31011500991320003103 sip session is remove
[0m[2021-12-21 21:59:26.814][Trace][13627][7n2p5hr9] gb28181: client id=31011500991320003110 sip session is remove
[0m[2021-12-21 21:59:27.572][Trace][13627][24b83775] gb28181: client id=31011500991180000255 sip session is remove
[0m[2021-12-21 21:59:27.709][Trace][13627][66263373] gb28181: client id=31011500991320003112 sip session is remove
[2021-12-21 21:59:27.916][Trace][13627][0tdx4qj3] gb28181: client id=31011500991320004586 sip session is remove
[0m[2021-12-21 21:59:28.162][Trace][13627][4d596083] gb28181: client id=31011500991320003111 sip session is remove
[0m[2021-12-21 21:59:28.202][Trace][13627][m6285f63] gb28181: client id=31011500991320003128 sip session is remove
[0m[2021-12-21 21:59:28.352][Trace][13627][0m385642] gb28181: client id=31011500991320003127 sip session is remove
[0m[2021-12-21 21:59:28.568][Trace][13627][33q63h46] gb28181: client id=31011500991320003121 sip session is remove
[2021-12-21 21:59:28.626][Trace][13627][66263373] gb28181: client id=31011500991180000255 sip session is remove
[0m[2021-12-21 21:59:29.141][Trace][13627][z430o65e] gb28181: client id=31011500991320003129 sip session is remove
[0m[2021-12-21 21:59:29.389][Trace][13627][z430o65e] gb28181: client id=31011500991320003117 sip session is remove
[0m[2021-12-21 21:59:29.531][Trace][13627][s5aoh231] gb28181: client id=31011500991320003126 sip session is remove
[0m[2021-12-21 21:59:29.801][Trace][13627][z430o65e] gb28181: client id=31011500991320003125 sip session is remove
[0m[2021-12-21 21:59:29.863][Trace][13627][z430o65e] gb28181: client id=31011500991320003113 sip session is remove
[2021-12-21 21:59:29.914][Trace][13627][4y241541] gb28181: client id=31011500991320004338 sip session is remove
[0m[2021-12-21 21:59:30.456][Trace][13627][7822742q] gb28181: client id=31011500991320003109 sip session is remove
[0m[2021-12-21 21:59:31.765][Trace][13627][9w26637s] gb28181: client id=31011500991320003103 sip session is remove
[0m[2021-12-21 21:59:31.813][Trace][13627][9w26637s] gb28181: client id=31011500991320003110 sip session is remove
[0m[2021-12-21 21:59:17.673][Trace][20508][17x1570d] gb28181: client id=31011500001320000001 sip session is remove
[0m[2021-12-21 21:59:17.769][Trace][20508][17x1570d] gb28181: client id=31011500991320003485 sip session is remove
[0m[2021-12-21 21:59:18.796][Trace][20508][57wt1602] gb28181: client id=31011500991180002192 sip session is remove
[0m[2021-12-21 21:59:19.157][Trace][20508][460k0921] gb28181: client id=31011500991320003483 sip session is remove
[0m[2021-12-21 21:59:19.208][Trace][20508][1qbluli6] gb28181: client id=31011500991320003484 sip session is remove
[0m[2021-12-21 21:59:19.556][Trace][20508][460k0921] gb28181: client id=31011500991320003486 sip session is remove
[0m[2021-12-21 21:59:20.569][Trace][20508][nq49z1y3] gb28181: client id=31011500991180002071 sip session is remove
[0m[2021-12-21 21:59:21.434][Trace][20508][5ii529jh] gb28181: client id=31011500991320003471 sip session is remove
[0m[2021-12-21 21:59:22.674][Trace][20508][211euyjc] gb28181: client id=31011500001320000001 sip session is remove
[0m[2021-12-21 21:59:22.782][Trace][20508][211euyjc] gb28181: client id=31011500991320003485 sip session is remove
[0m[2021-12-21 21:59:23.294][Trace][20508][rq0791z5] gb28181: client id=31011500991180002197 sip session is remove
[0m[2021-12-21 21:59:24.163][Trace][20508][p5165c72] gb28181: client id=31011500991320003483 sip session is remove
[0m[2021-12-21 21:59:24.229][Trace][20508][p5165c72] gb28181: client id=31011500991320003484 sip session is remove
[0m[2021-12-21 21:59:24.585][Trace][20508][p5165c72] gb28181: client id=31011500991320003486 sip session is remove
[0m[2021-12-21 21:59:26.176][Trace][20508][7n2p5hr9] gb28181: client id=31011500991180002169 sip session is remove
[0m[2021-12-21 21:59:26.446][Trace][20508][7n2p5hr9] gb28181: client id=31011500991320003471 sip session is remove
[0m[2021-12-21 21:59:12.656][Trace][13627][86777j48] gb28181: client id=31011500991320003112 sip session is remove
[0m[2021-12-21 21:59:13.097][Trace][13627][9k8ho09k] gb28181: client id=31011500991320003111 sip session is remove
[0m[2021-12-21 21:59:13.168][Trace][13627][9k8ho09k] gb28181: client id=31011500991320003128 sip session is remove
[0m[2021-12-21 21:59:13.249][Trace][13627][9k8ho09k] gb28181: client id=31011500991320003127 sip session is remove
[0m[2021-12-21 21:59:13.532][Trace][13627][9k8ho09k] gb28181: client id=31011500991320003121 sip session is remove
[0m[2021-12-21 21:59:14.095][Trace][13627][57t57727] gb28181: client id=31011500991320003129 sip session is remove
[0m[2021-12-21 21:59:14.312][Trace][13627][57t57727] gb28181: client id=31011500991320003117 sip session is remove
[0m[2021-12-21 21:59:14.402][Trace][13627][57t57727] gb28181: client id=34020000001110000996 sip session is remove
[0m[2021-12-21 21:59:14.496][Trace][13627][74004r63] gb28181: client id=31011500991320003126 sip session is remove
[0m[2021-12-21 21:59:14.765][Trace][13627][57t57727] gb28181: client id=31011500991320003125 sip session is remove
[2021-12-21 21:59:14.825][Trace][13627][57t57727] gb28181: client id=31011500991320003113 sip session is remove
[0m[2021-12-21 21:59:15.362][Trace][13627][9o7932i7] gb28181: client id=31011500991320003109 sip session is remove
[2021-12-21 21:59:16.737][Trace][13627][30g9n971] gb28181: client id=31011500991320003103 sip session is remove
[0m[2021-12-21 21:59:16.779][Trace][13627][30g9n971] gb28181: client id=31011500991320003110 sip session is remove
[0m[2021-12-21 21:59:17.662][Trace][13627][17x1570d] gb28181: client id=31011500991320003112 sip session is remove
[0m[2021-12-21 21:59:18.115][Trace][13627][57wt1602] gb28181: client id=31011500991320003111 sip session is remove
[0m[2021-12-21 21:59:18.162][Trace][13627][57wt1602] gb28181: client id=31011500991320003128 sip session is remove
[0m[2021-12-21 21:59:18.279][Trace][13627][47465256] gb28181: client id=31011500991320003127 sip session is remove
[0m[2021-12-21 21:59:18.562][Trace][13627][57wt1602] gb28181: client id=31011500991320003121 sip session is remove
[0m[2021-12-21 21:59:19.095][Trace][13627][460k0921] gb28181: client id=31011500991320003129 sip session is remove
[0m[2021-12-21 21:59:19.346][Trace][13627][460k0921] gb28181: client id=31011500991320003117 sip session is remove
[0m[2021-12-21 21:59:19.492][Trace][13627][460k0921] gb28181: client id=31011500991320003126 sip session is remove
[0m[2021-12-21 21:59:19.763][Trace][13627][460k0921] gb28181: client id=31011500991320003125 sip session is remove
[0m[2021-12-21 21:59:19.829][Trace][13627][460k0921] gb28181: client id=31011500991320003113 sip session is remove
[2021-12-21 21:59:19.914][Trace][13627][8j7g6gl4] gb28181: client id=31011500991320004678 sip session is remove
[0m[2021-12-21 21:59:20.390][Trace][13627][nq49z1y3] gb28181: client id=31011500991320003109 sip session is remove
[0m[2021-12-21 21:59:21.731][Trace][13627][5ii529jh] gb28181: client id=31011500991320003103 sip session is remove
[0m[2021-12-21 21:59:21.772][Trace][13627][5ii529jh] gb28181: client id=31011500991320003110 sip session is remove
[2021-12-21 21:59:21.915][Trace][13627][zn6h5389] gb28181: client id=31011500991320004656 sip session is remove
[0m[2021-12-21 21:59:07.672][Trace][20508][709il832] gb28181: client id=31011500001320000001 sip session is remove
[0m[2021-12-21 21:59:07.701][Trace][20508][982wj192] gb28181: client id=31011500991320003485 sip session is remove
[0m[2021-12-21 21:59:09.133][Trace][20508][fb7m578t] gb28181: client id=31011500991320003483 sip session is remove
[0m[2021-12-21 21:59:09.166][Trace][20508][g91xcz95] gb28181: client id=31011500991320003484 sip session is remove
[0m[2021-12-21 21:59:09.553][Trace][20508][fb7m578t] gb28181: client id=31011500991320003486 sip session is remove
[0m[2021-12-21 21:59:11.375][Trace][20508][7863dj90] gb28181: client id=31011500991320003471 sip session is remove
[0m[2021-12-21 21:59:12.675][Trace][20508][86777j48] gb28181: client id=31011500001320000001 sip session is remove
[0m[2021-12-21 21:59:12.734][Trace][20508][60e93i86] gb28181: client id=31011500991320003485 sip session is remove
[0m[2021-12-21 21:59:14.143][Trace][20508][57t57727] gb28181: client id=31011500991320003483 sip session is remove
[0m[2021-12-21 21:59:14.201][Trace][20508][sk0z0c39] gb28181: client id=31011500991320003484 sip session is remove
[0m[2021-12-21 21:59:14.553][Trace][20508][57t57727] gb28181: client id=31011500991320003486 sip session is remove
[0m[2021-12-21 21:59:16.399][Trace][20508][30g9n971] gb28181: client id=31011500991320003471 sip session is remove
[0m[2021-12-21 21:59:04.315][Trace][13627][76e6r7j1] gb28181: client id=31011500991320003117 sip session is remove
[0m[2021-12-21 21:59:04.444][Trace][13627][56026t4y] gb28181: client id=31011500991320003126 sip session is remove
[0m[2021-12-21 21:59:04.500][Trace][13627][56026t4y] gb28181: client id=31011500991180001785 sip session is remove
[0m[2021-12-21 21:59:04.715][Trace][13627][40749w5i] gb28181: client id=31011500991320003125 sip session is remove
[0m[2021-12-21 21:59:04.785][Trace][13627][56026t4y] gb28181: client id=31011500991320003113 sip session is remove
[0m[2021-12-21 21:59:05.321][Trace][13627][l7u5ax94] gb28181: client id=31011500991320003109 sip session is remove
[2021-12-21 21:59:08.073][Trace][13627][j957c67q] gb28181: client id=31011500991320003111 sip session is remove
[0m[2021-12-21 21:59:08.237][Trace][13627][j957c67q] gb28181: client id=31011500991320003127 sip session is remove
[0m[2021-12-21 21:59:01.695][Trace][13627][d53vxn64] gb28181: client id=31011500991320003103 sip session is remove
[0m[2021-12-21 21:59:01.729][Trace][13627][lkj51901] gb28181: client id=31011500991320003110 sip session is remove
[0m[2021-12-21 21:59:02.623][Trace][13627][21003474] gb28181: client id=31011500991320003112 sip session is remove
[0m[2021-12-21 21:59:03.076][Trace][13627][4272i44y] gb28181: client id=31011500991320003111 sip session is remove
[0m[2021-12-21 21:59:03.128][Trace][13627][4272i44y] gb28181: client id=31011500991320003128 sip session is remove
[0m[2021-12-21 21:59:03.198][Trace][13627][4272i44y] gb28181: client id=31011500991180001858 sip session is remove
[0m[2021-12-21 21:59:03.202][Trace][13627][c85o106x] gb28181: client id=31011500991320003127 sip session is remove
[0m[2021-12-21 21:59:03.385][Trace][13627][4272i44y] gb28181: client id=31011500991320007091 sip session is remove
[0m[2021-12-21 21:59:03.517][Trace][13627][4272i44y] gb28181: client id=31011500991320003121 sip session is remove
[0m[2021-12-21 21:59:03.887][Trace][13627][4272i44y] gb28181: client id=31011500991320000017 sip session is remove
[0m[2021-12-21 21:59:04.060][Trace][13627][56026t4y] gb28181: client id=31011500991320003129 sip session is remove
[0m[2021-12-21 21:59:06.685][Trace][13627][50g70e3t] gb28181: client id=31011500991320003103 sip session is remove
[0m[2021-12-21 21:59:06.732][Trace][13627][50g70e3t] gb28181: client id=31011500991320003110 sip session is remove
[0m[2021-12-21 21:59:07.627][Trace][13627][709il832] gb28181: client id=31011500991320003112 sip session is remove
[0m[2021-12-21 21:59:08.128][Trace][13627][j957c67q] gb28181: client id=31011500991320003128 sip session is remove
[0m[2021-12-21 21:59:08.524][Trace][13627][j957c67q] gb28181: client id=31011500991320003121 sip session is remove
[0m[2021-12-21 21:59:09.095][Trace][13627][fb7m578t] gb28181: client id=31011500991320003129 sip session is remove
[0m[2021-12-21 21:59:09.307][Trace][13627][fb7m578t] gb28181: client id=31011500991320003117 sip session is remove
[0m[2021-12-21 21:59:09.451][Trace][13627][fb7m578t] gb28181: client id=31011500991320003126 sip session is remove
[0m[2021-12-21 21:59:09.573][Trace][13627][fb7m578t] gb28181: client id=3101150099132000062 sip session is remove
[0m[2021-12-21 21:59:09.762][Trace][13627][fb7m578t] gb28181: client id=31011500991320003125 sip session is remove
[0m[2021-12-21 21:59:09.796][Trace][13627][701bp47w] gb28181: client id=31011500991320003113 sip session is remove
[0m[2021-12-21 21:59:10.346][Trace][13627][vts0oj17] gb28181: client id=31011500991320003109 sip session is remove
[0m[2021-12-21 21:59:10.699][Trace][13627][68617p47] gb28181: client id=31011500991180001439 sip session is remove
[0m[2021-12-21 21:59:11.521][Trace][13627][7863dj90] gb28181: client id=31011500991320001073 sip session is remove
[0m[2021-12-21 21:59:11.700][Trace][13627][7863dj90] gb28181: client id=31011500991320003103 sip session is remove
[0m[2021-12-21 21:59:11.774][Trace][13627][7863dj90] gb28181: client id=31011500991320003110 sip session is remove
[0m[2021-12-21 21:59:11.878][Trace][13627][7863dj90] gb28181: client id=31011500991180001439 sip session is remove
[2021-12-21 21:58:57.669][Trace][20508][06x10776] gb28181: client id=31011500001320000001 sip session is remove
[0m[2021-12-21 21:58:57.671][Trace][20508][86a7745b] gb28181: client id=31011500991320003485 sip session is remove
[0m[2021-12-21 21:58:58.740][Trace][20508][rh94n26o] gb28181: client id=31011500991320002285 sip session is remove
[0m[2021-12-21 21:58:59.113][Trace][20508][906465us] gb28181: client id=31011500991320003483 sip session is remove
[0m[2021-12-21 21:58:59.126][Trace][20508][8o550635] gb28181: client id=31011500991320003484 sip session is remove
[0m[2021-12-21 21:58:59.506][Trace][20508][906465us] gb28181: client id=31011500991320003486 sip session is remove
[0m[2021-12-21 21:59:01.342][Trace][20508][d53vxn64] gb28181: client id=31011500991320003471 sip session is remove
[0m[2021-12-21 21:59:02.670][Trace][20508][21003474] gb28181: client id=31011500001320000001 sip session is remove
[0m[2021-12-21 21:59:02.679][Trace][20508][43837q4c] gb28181: client id=31011500991320003485 sip session is remove
[0m[2021-12-21 21:59:03.795][Trace][20508][4272i44y] gb28181: client id=31011500991180002074 sip session is remove
[0m[2021-12-21 21:59:03.967][Trace][20508][4272i44y] gb28181: client id=31011500991180002075 sip session is remove
[0m[2021-12-21 21:59:04.140][Trace][20508][56026t4y] gb28181: client id=31011500991320003483 sip session is remove
[0m[2021-12-21 21:59:04.161][Trace][20508][k9308193] gb28181: client id=31011500991320003484 sip session is remove
[0m[2021-12-21 21:59:04.530][Trace][20508][56026t4y] gb28181: client id=31011500991320003486 sip session is remove
[0m[2021-12-21 21:59:04.945][Trace][20508][56026t4y] gb28181: client id=31011500991180002196 sip session is remove
[0m[2021-12-21 21:59:06.371][Trace][20508][50g70e3t] gb28181: client id=31011500991320003471 sip session is remove
[0m[2021-12-21 21:58:51.698][Trace][13627][27x3z3ln] gb28181: client id=31011500991320003110 sip session is remove
[0m[2021-12-21 21:58:52.590][Trace][13627][q2789al9] gb28181: client id=31011500991320003112 sip session is remove
[0m[2021-12-21 21:58:53.038][Trace][13627][q2789al9] gb28181: client id=31011500991320003111 sip session is remove
[0m[2021-12-21 21:58:53.095][Trace][13627][g50nx49l] gb28181: client id=31011500991320003128 sip session is remove
[0m[2021-12-21 21:58:53.173][Trace][13627][g50nx49l] gb28181: client id=31011500991320003127 sip session is remove
[0m[2021-12-21 21:58:53.447][Trace][13627][g50nx49l] gb28181: client id=31011500991320003121 sip session is remove
[0m[2021-12-21 21:58:53.672][Trace][13627][g50nx49l] gb28181: client id=31011500991180001439 sip session is remove
[0m[2021-12-21 21:58:54.022][Trace][13627][g50nx49l] gb28181: client id=31011500991320003129 sip session is remove
[0m[2021-12-21 21:58:54.267][Trace][13627][586cc66d] gb28181: client id=31011500991320003117 sip session is remove
[0m[2021-12-21 21:58:54.406][Trace][13627][586cc66d] gb28181: client id=31011500991320003126 sip session is remove
[0m[2021-12-21 21:58:54.680][Trace][13627][586cc66d] gb28181: client id=31011500991320003125 sip session is remove
[0m[2021-12-21 21:58:54.754][Trace][13627][586cc66d] gb28181: client id=31011500991320003113 sip session is remove
[0m[2021-12-21 21:58:54.949][Trace][13627][41r178gj] gb28181: client id=31011500991180001439 sip session is remove
[0m[2021-12-21 21:58:55.304][Trace][13627][6nl8a190] gb28181: client id=31011500991320003109 sip session is remove
[0m[2021-12-21 21:58:55.776][Trace][13627][6nl8a190] gb28181: client id=31011500991320000593 sip session is remove
[0m[2021-12-21 21:58:56.019][Trace][13627][6nl8a190] gb28181: client id=31011500991180001439 sip session is remove
[0m[2021-12-21 21:58:56.655][Trace][13627][6w8y3868] gb28181: client id=31011500991320003103 sip session is remove
[0m[2021-12-21 21:58:56.721][Trace][13627][pc81z7aq] gb28181: client id=31011500991320003110 sip session is remove
[0m[2021-12-21 21:58:57.196][Trace][13627][06x10776] gb28181: client id=31011500991320000020 sip session is remove
[0m[2021-12-21 21:58:57.490][Trace][13627][06x10776] gb28181: client id=3101150099132001295 sip session is remove
[2021-12-21 21:58:57.615][Trace][13627][06x10776] gb28181: client id=31011500991320003112 sip session is remove
[0m[2021-12-21 21:58:58.055][Trace][13627][rh94n26o] gb28181: client id=31011500991320003111 sip session is remove
[0m[2021-12-21 21:58:58.114][Trace][13627][rh94n26o] gb28181: client id=31011500991320003128 sip session is remove
[0m[2021-12-21 21:58:58.197][Trace][13627][rh94n26o] gb28181: client id=31011500991320003127 sip session is remove
[0m[2021-12-21 21:58:58.492][Trace][13627][rh94n26o] gb28181: client id=31011500991320003121 sip session is remove
[0m[2021-12-21 21:58:59.064][Trace][13627][8424497q] gb28181: client id=31011500991320003129 sip session is remove
[0m[2021-12-21 21:58:59.173][Trace][13627][906465us] gb28181: client id=31011500991320000336 sip session is remove
[0m[2021-12-21 21:58:59.280][Trace][13627][906465us] gb28181: client id=31011500991320003117 sip session is remove
[0m[2021-12-21 21:58:59.411][Trace][13627][906465us] gb28181: client id=31011500991320003126 sip session is remove
[0m[2021-12-21 21:58:59.674][Trace][13627][906465us] gb28181: client id=31011500991320003125 sip session is remove
[0m[2021-12-21 21:58:59.754][Trace][13627][906465us] gb28181: client id=31011500991320003113 sip session is remove
[0m[2021-12-21 21:59:00.316][Trace][13627][6uvo243l] gb28181: client id=31011500991320003109 sip session is remove
[0m[2021-12-21 21:58:51.574][Trace][13627][87qok3s8] gb28181: client id=31011500991180001439 sip session is remove
[0m[2021-12-21 21:58:51.657][Trace][13627][78w31381] gb28181: client id=31011500991320003103 sip session is remove
[0m[2021-12-21 21:58:47.629][Trace][20508][z3647542] gb28181: client id=31011500991320003485 sip session is remove
[0m[2021-12-21 21:58:47.667][Trace][20508][027qtd31] gb28181: client id=31011500001320000001 sip session is remove
[0m[2021-12-21 21:58:48.292][Trace][20508][c947mw25] gb28181: client id=31011500991180002195 sip session is remove
[0m[2021-12-21 21:58:49.068][Trace][20508][qis261i3] gb28181: client id=31011500991320003484 sip session is remove
[0m[2021-12-21 21:58:49.081][Trace][20508][2ms02905] gb28181: client id=31011500991320003483 sip session is remove
[0m[2021-12-21 21:58:49.475][Trace][20508][qis261i3] gb28181: client id=31011500991320003486 sip session is remove
[0m[2021-12-21 21:58:50.487][Trace][20508][3568m03a] gb28181: client id=31011500991180002193 sip session is remove
[0m[2021-12-21 21:58:50.504][Trace][20508][31cw5s11] gb28181: client id=31011500991180002199 sip session is remove
[0m[2021-12-21 21:58:51.286][Trace][20508][87qok3s8] gb28181: client id=31011500991320003471 sip session is remove
[0m[2021-12-21 21:58:51.911][Trace][20508][87qok3s8] gb28181: client id=31011500991180002072 sip session is remove
[0m[2021-12-21 21:58:51.919][Trace][20508][6u99bz95] gb28181: client id=31011500991180002191 sip session is remove
[0m[2021-12-21 21:58:52.638][Trace][20508][q2789al9] gb28181: client id=31011500991320003485 sip session is remove
[0m[2021-12-21 21:58:52.668][Trace][20508][2847857d] gb28181: client id=31011500001320000001 sip session is remove
[0m[2021-12-21 21:58:53.175][Trace][20508][g50nx49l] gb28181: client id=34020000001180000001 sip session is remove
[0m[2021-12-21 21:58:54.088][Trace][20508][586cc66d] gb28181: client id=31011500991320003484 sip session is remove
[0m[2021-12-21 21:58:54.100][Trace][20508][f05w949v] gb28181: client id=31011500991320003483 sip session is remove
[0m[2021-12-21 21:58:54.306][Trace][20508][586cc66d] gb28181: client id=31011500991180002202 sip session is remove
[0m[2021-12-21 21:58:54.508][Trace][20508][586cc66d] gb28181: client id=31011500991320003486 sip session is remove
[0m[2021-12-21 21:58:56.308][Trace][20508][6w8y3868] gb28181: client id=31011500991320003471 sip session is remove
[0m[2021-12-21 21:58:46.655][Trace][13627][t7sl54uu] gb28181: client id=31011500991320003103 sip session is remove
[0m[2021-12-21 21:58:46.693][Trace][13627][92r4729a] gb28181: client id=31011500991320003110 sip session is remove
[2021-12-21 21:58:46.893][Trace][13627][96425067] gb28181: client id=20211113202211130003 sip session is remove
[0m[2021-12-21 21:58:47.592][Trace][13627][z3647542] gb28181: client id=31011500991320003112 sip session is remove
[0m[2021-12-21 21:58:47.699][Trace][13627][z3647542] gb28181: client id=31011500991180001857 sip session is remove
[0m[2021-12-21 21:58:47.798][Trace][13627][z3647542] gb28181: client id=31011500991320000021 sip session is remove
[2021-12-21 21:58:48.065][Trace][13627][fto28731] gb28181: client id=31011500991320004891 sip session is remove
[0m[2021-12-21 21:58:48.157][Trace][13627][c947mw25] gb28181: client id=31011500991320003128 sip session is remove
[0m[2021-12-21 21:58:48.198][Trace][13627][c947mw25] gb28181: client id=31011500991320003127 sip session is remove
[0m[2021-12-21 21:58:48.389][Trace][13627][c947mw25] gb28181: client id=31011500991180001785 sip session is remove
[0m[2021-12-21 21:58:48.415][Trace][13627][863x333q] gb28181: client id=31011500991320003121 sip session is remove
[0m[2021-12-21 21:58:48.553][Trace][13627][c947mw25] gb28181: client id=31011500991320003111 sip session is remove
[0m[2021-12-21 21:58:49.330][Trace][13627][qis261i3] gb28181: client id=31011500991320003117 sip session is remove
[0m[2021-12-21 21:58:49.381][Trace][13627][qis261i3] gb28181: client id=31011500991320003126 sip session is remove
[2021-12-21 21:58:49.496][Trace][13627][qis261i3] gb28181: client id=31011500991320000383 sip session is remove
[2021-12-21 21:58:49.617][Trace][13627][69g427p4] gb28181: client id=31011500991320006938 sip session is remove
[0m[2021-12-21 21:58:49.627][Trace][13627][qis261i3] gb28181: client id=31011500991320003129 sip session is remove
[2021-12-21 21:58:49.663][Trace][13627][qis261i3] gb28181: client id=31011500991320003125 sip session is remove
[0m[2021-12-21 21:58:49.742][Trace][13627][qis261i3] gb28181: client id=31011500991320003113 sip session is remove
[0m[2021-12-21 21:58:50.266][Trace][13627][3568m03a] gb28181: client id=31011500991320003109 sip session is remove
[0m[2021-12-21 21:58:50.846][Trace][13627][3568m03a] gb28181: client id=31011500991320002041 sip session is remove
[2021-12-21 21:58:50.908][Trace][13627][qis261i3] gb28181: client id=20211113202211130003 sip session is remove
[0m[2021-12-21 21:58:41.178][Trace][13627][72336i2d] gb28181: client id=31011500991320000164 sip session is remove
[0m[2021-12-21 21:58:41.439][Trace][13627][72336i2d] gb28181: client id=31011500991320000314 sip session is remove
[2021-12-21 21:58:41.631][Trace][13627][72336i2d] gb28181: client id=31011500991320003103 sip session is remove
[0m[2021-12-21 21:58:41.691][Trace][13627][72336i2d] gb28181: client id=31011500991320003110 sip session is remove
[2021-12-21 21:58:42.013][Trace][13627][49gle911] gb28181: client id=31011500991320006756 sip session is remove
[0m[2021-12-21 21:58:42.551][Trace][13627][1g5kp8y2] gb28181: client id=31011500991320003112 sip session is remove
[2021-12-21 21:58:42.882][Trace][13627][72336i2d] gb28181: client id=20211113202211130003 sip session is remove
[0m[2021-12-21 21:58:43.127][Trace][13627][3i662fpg] gb28181: client id=31011500991320003111 sip session is remove
[0m[2021-12-21 21:58:43.145][Trace][13627][3i662fpg] gb28181: client id=31011500991320003128 sip session is remove
[0m[2021-12-21 21:58:43.178][Trace][13627][7135859x] gb28181: client id=31011500991320003127 sip session is remove
[0m[2021-12-21 21:58:43.404][Trace][13627][3i662fpg] gb28181: client id=31011500991320003121 sip session is remove
[0m[2021-12-21 21:58:44.046][Trace][13627][bf2k4f1o] gb28181: client id=31011500991320003129 sip session is remove
[0m[2021-12-21 21:58:44.230][Trace][13627][bf2k4f1o] gb28181: client id=31011500991320003117 sip session is remove
[2021-12-21 21:58:44.333][Trace][13627][c5l278x0] gb28181: client id=31011500991320006325 sip session is remove
[0m[2021-12-21 21:58:44.381][Trace][13627][bf2k4f1o] gb28181: client id=31011500991320003126 sip session is remove
[0m[2021-12-21 21:58:44.610][Trace][13627][bf2k4f1o] gb28181: client id=31011500991320003125 sip session is remove
[0m[2021-12-21 21:58:44.715][Trace][13627][bf2k4f1o] gb28181: client id=31011500991320003113 sip session is remove
[0m[2021-12-21 21:58:45.250][Trace][13627][96425067] gb28181: client id=31011500991180001786 sip session is remove
[0m[2021-12-21 21:58:45.255][Trace][13627][96425067] gb28181: client id=31011500991320003109 sip session is remove
[0m[2021-12-21 21:58:36.223][Trace][20508][1c7p0ce7] gb28181: client id=31011500991320003471 sip session is remove
[0m[2021-12-21 21:58:37.580][Trace][20508][0w7fzb21] gb28181: client id=31011500991320003485 sip session is remove
[0m[2021-12-21 21:58:37.665][Trace][20508][0w7fzb21] gb28181: client id=31011500001320000001 sip session is remove
[0m[2021-12-21 21:58:38.236][Trace][20508][w0201k3x] gb28181: client id=31011500991180002201 sip session is remove
[0m[2021-12-21 21:58:38.395][Trace][20508][w0201k3x] gb28181: client id=31011500991180002077 sip session is remove
[0m[2021-12-21 21:58:39.020][Trace][20508][31109c5t] gb28181: client id=31011500991320003483 sip session is remove
[0m[2021-12-21 21:58:39.047][Trace][20508][996r5u02] gb28181: client id=31011500991320003484 sip session is remove
[0m[2021-12-21 21:58:39.453][Trace][20508][ykb09979] gb28181: client id=31011500991320003486 sip session is remove
[0m[2021-12-21 21:58:41.251][Trace][20508][72336i2d] gb28181: client id=31011500991320003471 sip session is remove
[0m[2021-12-21 21:58:41.574][Trace][20508][72336i2d] gb28181: client id=31011500991180002200 sip session is remove
[0m[2021-12-21 21:58:42.598][Trace][20508][86a97o26] gb28181: client id=31011500991320003485 sip session is remove
[0m[2021-12-21 21:58:42.666][Trace][20508][86a97o26] gb28181: client id=31011500001320000001 sip session is remove
[0m[2021-12-21 21:58:44.042][Trace][20508][3i662fpg] gb28181: client id=31011500991320003483 sip session is remove
[0m[2021-12-21 21:58:44.046][Trace][20508][7135859x] gb28181: client id=31011500991320003484 sip session is remove
[0m[2021-12-21 21:58:44.474][Trace][20508][bf2k4f1o] gb28181: client id=31011500991320003486 sip session is remove
[0m[2021-12-21 21:58:45.071][Trace][20508][bf2k4f1o] gb28181: client id=31011500991320003336 sip session is remove
[0m[2021-12-21 21:58:45.898][Trace][20508][96425067] gb28181: client id=31011500991180002194 sip session is remove
[0m[2021-12-21 21:58:46.268][Trace][20508][t7sl54uu] gb28181: client id=31011500991320003471 sip session is remove
[0m[2021-12-21 21:58:36.644][Trace][13627][03y51l28] gb28181: client id=31011500991320003110 sip session is remove
[0m[2021-12-21 21:58:38.045][Trace][13627][w0201k3x] gb28181: client id=31011500991320003128 sip session is remove
[0m[2021-12-21 21:58:38.116][Trace][13627][w0201k3x] gb28181: client id=31011500991320003127 sip session is remove
[0m[2021-12-21 21:58:38.398][Trace][13627][w0201k3x] gb28181: client id=31011500991320003121 sip session is remove
[2021-12-21 21:58:38.872][Trace][13627][0w7fzb21] gb28181: client id=20211113202211130003 sip session is remove
[0m[2021-12-21 21:58:39.023][Trace][13627][w0201k3x] gb28181: client id=31011500991320003129 sip session is remove
[0m[2021-12-21 21:58:39.340][Trace][13627][ykb09979] gb28181: client id=31011500991320003126 sip session is remove
[0m[2021-12-21 21:58:39.585][Trace][13627][ykb09979] gb28181: client id=31011500991320003125 sip session is remove
[0m[2021-12-21 21:58:39.700][Trace][13627][ykb09979] gb28181: client id=31011500991320003113 sip session is remove
[0m[2021-12-21 21:58:30.196][Trace][13627][11555d8z] gb28181: client id=31011500991320003109 sip session is remove
[0m[2021-12-21 21:58:31.649][Trace][13627][85249o61] gb28181: client id=31011500991320003110 sip session is remove
[0m[2021-12-21 21:58:32.549][Trace][13627][4us0807s] gb28181: client id=31011500991320003112 sip session is remove
[0m[2021-12-21 21:58:33.024][Trace][13627][g31dz6s9] gb28181: client id=31011500991320003128 sip session is remove
[0m[2021-12-21 21:58:33.976][Trace][13627][3oq3vl0t] gb28181: client id=31011500991320003129 sip session is remove
[0m[2021-12-21 21:58:34.122][Trace][13627][6w5e6629] gb28181: client id=31011500991320000585 sip session is remove
[2021-12-21 21:58:34.553][Trace][13627][6w5e6629] gb28181: client id=31011500991320003125 sip session is remove
[2021-12-21 21:58:34.861][Trace][13627][3oq3vl0t] gb28181: client id=20211113202211130003 sip session is remove
[0m[2021-12-21 21:58:35.419][Trace][13627][9cu9mwp4] gb28181: client id=31011500991180001854 sip session is remove
[0m[2021-12-21 21:58:36.635][Trace][13627][1c7p0ce7] gb28181: client id=31011500991320003103 sip session is remove
[0m[2021-12-21 21:58:37.539][Trace][13627][0w7fzb21] gb28181: client id=31011500991320003112 sip session is remove
[0m[2021-12-21 21:58:37.998][Trace][13627][0w7fzb21] gb28181: client id=31011500991320003111 sip session is remove
[0m[2021-12-21 21:58:39.239][Trace][13627][ykb09979] gb28181: client id=31011500991320003117 sip session is remove
[0m[2021-12-21 21:58:40.238][Trace][13627][0fvz25s2] gb28181: client id=31011500991320003109 sip session is remove
[2021-12-21 21:58:30.860][Trace][13627][m8gneo34] gb28181: client id=20211113202211130003 sip session is remove
[0m[2021-12-21 21:58:31.602][Trace][13627][4n81l288] gb28181: client id=31011500991320003103 sip session is remove
[0m[2021-12-21 21:58:32.977][Trace][13627][4us0807s] gb28181: client id=31011500991320003111 sip session is remove
[0m[2021-12-21 21:58:33.075][Trace][13627][3oq3vl0t] gb28181: client id=31011500991320003127 sip session is remove
[0m[2021-12-21 21:58:33.399][Trace][13627][3oq3vl0t] gb28181: client id=31011500991320003121 sip session is remove
[0m[2021-12-21 21:58:34.180][Trace][13627][6w5e6629] gb28181: client id=31011500991180001439 sip session is remove
[0m[2021-12-21 21:58:34.206][Trace][13627][6w5e6629] gb28181: client id=31011500991320003117 sip session is remove
[0m[2021-12-21 21:58:34.322][Trace][13627][6w5e6629] gb28181: client id=31011500991320003126 sip session is remove
[2021-12-21 21:58:34.504][Trace][13627][6w5e6629] gb28181: client id=3101150099132001296 sip session is remove
[0m[2021-12-21 21:58:34.670][Trace][13627][6w5e6629] gb28181: client id=31011500991320003113 sip session is remove
[2021-12-21 21:58:35.218][Trace][13627][7f489x28] gb28181: client id=31011500991320003109 sip session is remove
[0m[2021-12-21 21:58:36.259][Trace][13627][1c7p0ce7] gb28181: client id=31011500991320000365 sip session is remove
[0m[2021-12-21 21:58:25.721][Trace][20508][12v9385d] gb28181: client id=31011500991180002169 sip session is remove
[0m[2021-12-21 21:58:26.186][Trace][20508][4y5q39r0] gb28181: client id=31011500991320003471 sip session is remove
[0m[2021-12-21 21:58:27.539][Trace][20508][c21k64q3] gb28181: client id=31011500991320003485 sip session is remove
[0m[2021-12-21 21:58:27.664][Trace][20508][c21k64q3] gb28181: client id=31011500001320000001 sip session is remove
[0m[2021-12-21 21:58:28.971][Trace][20508][098w5t73] gb28181: client id=31011500991320003484 sip session is remove
[0m[2021-12-21 21:58:28.980][Trace][20508][8n897381] gb28181: client id=31011500991320003483 sip session is remove
[0m[2021-12-21 21:58:29.441][Trace][20508][m8gneo34] gb28181: client id=31011500991320003486 sip session is remove
[0m[2021-12-21 21:58:31.210][Trace][20508][4n81l288] gb28181: client id=31011500991320003471 sip session is remove
[0m[2021-12-21 21:58:32.566][Trace][20508][4us0807s] gb28181: client id=31011500991320003485 sip session is remove
[0m[2021-12-21 21:58:32.664][Trace][20508][4us0807s] gb28181: client id=31011500001320000001 sip session is remove
[2021-12-21 21:58:34.008][Trace][20508][3oq3vl0t] gb28181: client id=31011500991320003483 sip session is remove
[0m[2021-12-21 21:58:34.010][Trace][20508][07a0415y] gb28181: client id=31011500991320003484 sip session is remove
[0m[2021-12-21 21:58:34.434][Trace][20508][6w5e6629] gb28181: client id=31011500991320003486 sip session is remove
[2021-12-21 21:58:19.811][Trace][13627][0080v3u0] gb28181: client id=20211113202211130003 sip session is remove
[0m[2021-12-21 21:58:20.148][Trace][13627][dl8655h5] gb28181: client id=31011500991320003109 sip session is remove
[2021-12-21 21:58:20.819][Trace][13627][910xq8yq] gb28181: client id=20211113202211130003 sip session is remove
[0m[2021-12-21 21:58:21.571][Trace][13627][97796326] gb28181: client id=31011500991320003103 sip session is remove
[2021-12-21 21:58:21.611][Trace][13627][1410j37k] gb28181: client id=31011500991320003110 sip session is remove
[0m[2021-12-21 21:58:22.506][Trace][13627][tgi94t78] gb28181: client id=31011500991320003112 sip session is remove
[2021-12-21 21:58:22.831][Trace][13627][97796326] gb28181: client id=20211113202211130003 sip session is remove
[0m[2021-12-21 21:58:22.951][Trace][13627][tgi94t78] gb28181: client id=31011500991320003111 sip session is remove
[0m[2021-12-21 21:58:23.015][Trace][13627][tgi94t78] gb28181: client id=31011500991320003128 sip session is remove
[0m[2021-12-21 21:58:23.018][Trace][13627][09n659l8] gb28181: client id=31011500991320003127 sip session is remove
[0m[2021-12-21 21:58:23.233][Trace][13627][51tf5x70] gb28181: client id=31011500991320000503 sip session is remove
[0m[2021-12-21 21:58:23.363][Trace][13627][lp03492s] gb28181: client id=31011500991320003121 sip session is remove
[0m[2021-12-21 21:58:23.908][Trace][13627][lp03492s] gb28181: client id=31011500991320003129 sip session is remove
[0m[2021-12-21 21:58:24.028][Trace][13627][268u6em9] gb28181: client id=31011500991180002168 sip session is remove
[0m[2021-12-21 21:58:24.103][Trace][13627][7iftn7xa] gb28181: client id=31011500991320001072 sip session is remove
[0m[2021-12-21 21:58:24.148][Trace][13627][u944k73x] gb28181: client id=31011500991320003117 sip session is remove
[0m[2021-12-21 21:58:24.293][Trace][13627][iqhj9499] gb28181: client id=31011500991320003126 sip session is remove
[0m[2021-12-21 21:58:24.496][Trace][13627][7iftn7xa] gb28181: client id=31011500991180000535 sip session is remove
[0m[2021-12-21 21:58:24.533][Trace][13627][7iftn7xa] gb28181: client id=31011500991320003125 sip session is remove
[0m[2021-12-21 21:58:24.632][Trace][13627][7iftn7xa] gb28181: client id=31011500991320003113 sip session is remove
[0m[2021-12-21 21:58:25.178][Trace][13627][12v9385d] gb28181: client id=31011500991320001078 sip session is remove
[0m[2021-12-21 21:58:25.183][Trace][13627][ff398415] gb28181: client id=31011500991320003109 sip session is remove
[0m[2021-12-21 21:58:25.861][Trace][13627][d32809ba] gb28181: client id=31011500991180001853 sip session is remove
[0m[2021-12-21 21:58:26.424][Trace][13627][4y5q39r0] gb28181: client id=31011500991180002818 sip session is remove
[2021-12-21 21:58:26.612][Trace][13627][4y5q39r0] gb28181: client id=31011500991320003103 sip session is remove
[0m[2021-12-21 21:58:26.614][Trace][13627][1i60h307] gb28181: client id=31011500991320003110 sip session is remove
[2021-12-21 21:58:26.846][Trace][13627][12v9385d] gb28181: client id=20211113202211130003 sip session is remove
[0m[2021-12-21 21:58:27.517][Trace][13627][c21k64q3] gb28181: client id=31011500991320003112 sip session is remove
[0m[2021-12-21 21:58:27.971][Trace][13627][57867l55] gb28181: client id=31011500991180000255 sip session is remove
[2021-12-21 21:58:27.978][Trace][13627][379ijue3] gb28181: client id=31011500991320003111 sip session is remove
[0m[2021-12-21 21:58:28.017][Trace][13627][c21k64q3] gb28181: client id=31011500991320003128 sip session is remove
[0m[2021-12-21 21:58:28.103][Trace][13627][098w5t73] gb28181: client id=31011500991320003127 sip session is remove
[0m[2021-12-21 21:58:28.383][Trace][13627][098w5t73] gb28181: client id=31011500991320003121 sip session is remove
[0m[2021-12-21 21:58:28.943][Trace][13627][098w5t73] gb28181: client id=31011500991320003129 sip session is remove
[0m[2021-12-21 21:58:29.160][Trace][13627][06ckqm35] gb28181: client id=31011500991320003117 sip session is remove
[0m[2021-12-21 21:58:29.330][Trace][13627][m8gneo34] gb28181: client id=31011500991320003126 sip session is remove
[0m[2021-12-21 21:58:29.552][Trace][13627][k14t5e2h] gb28181: client id=31011500991320003125 sip session is remove
[0m[2021-12-21 21:58:29.663][Trace][13627][m8gneo34] gb28181: client id=31011500991320003113 sip session is remove
[0m[2021-12-21 21:58:16.142][Trace][20508][4zd70le2] gb28181: client id=31011500991320003471 sip session is remove
[0m[2021-12-21 21:58:17.508][Trace][20508][0s524g90] gb28181: client id=31011500991320003485 sip session is remove
[0m[2021-12-21 21:58:17.662][Trace][20508][0s524g90] gb28181: client id=31011500001320000001 sip session is remove
[0m[2021-12-21 21:58:18.332][Trace][20508][0080v3u0] gb28181: client id=31011500991180002192 sip session is remove
[0m[2021-12-21 21:58:18.941][Trace][20508][0080v3u0] gb28181: client id=31011500991320003483 sip session is remove
[0m[2021-12-21 21:58:18.946][Trace][20508][84r7u5b8] gb28181: client id=31011500991320003484 sip session is remove
[0m[2021-12-21 21:58:19.423][Trace][20508][910xq8yq] gb28181: client id=31011500991320003486 sip session is remove
[0m[2021-12-21 21:58:21.163][Trace][20508][97796326] gb28181: client id=31011500991320003471 sip session is remove
[0m[2021-12-21 21:58:21.397][Trace][20508][97796326] gb28181: client id=31011500991180002071 sip session is remove
[0m[2021-12-21 21:58:22.518][Trace][20508][tgi94t78] gb28181: client id=31011500991320003485 sip session is remove
[0m[2021-12-21 21:58:22.662][Trace][20508][tgi94t78] gb28181: client id=31011500001320000001 sip session is remove
[0m[2021-12-21 21:58:22.827][Trace][20508][tgi94t78] gb28181: client id=31011500991180002197 sip session is remove
[0m[2021-12-21 21:58:23.950][Trace][20508][lp03492s] gb28181: client id=31011500991320003484 sip session is remove
[0m[2021-12-21 21:58:23.962][Trace][20508][6ryq2my7] gb28181: client id=31011500991320003483 sip session is remove
[0m[2021-12-21 21:58:24.423][Trace][20508][7iftn7xa] gb28181: client id=31011500991320003486 sip session is remove
[0m[2021-12-21 21:58:09.491][Trace][13627][r3tse7b7] gb28181: client id=31011500991320003125 sip session is remove
[0m[2021-12-21 21:58:09.589][Trace][13627][297p2t66] gb28181: client id=31011500991320003113 sip session is remove
[0m[2021-12-21 21:58:10.107][Trace][13627][749g868m] gb28181: client id=31011500991320003109 sip session is remove
[2021-12-21 21:58:10.340][Trace][13627][749p199r] gb28181: client id=31011500991320004605 sip session is remove
[0m[2021-12-21 21:58:10.547][Trace][13627][749g868m] gb28181: client id=31011500991180001439 sip session is remove
[0m[2021-12-21 21:58:11.206][Trace][13627][ei3956it] gb28181: client id=31011500991320001073 sip session is remove
[0m[2021-12-21 21:58:11.545][Trace][13627][ei3956it] gb28181: client id=31011500991320003103 sip session is remove
[0m[2021-12-21 21:58:11.580][Trace][13627][ei3956it] gb28181: client id=31011500991320003110 sip session is remove
[0m[2021-12-21 21:58:11.732][Trace][13627][ei3956it] gb28181: client id=31011500991180001439 sip session is remove
[0m[2021-12-21 21:58:12.484][Trace][13627][hdz4a190] gb28181: client id=31011500991320003112 sip session is remove
[2021-12-21 21:58:12.956][Trace][13627][hdz4a190] gb28181: client id=31011500991320003127 sip session is remove
[0m[2021-12-21 21:58:12.958][Trace][13627][5486g137] gb28181: client id=31011500991320003111 sip session is remove
[0m[2021-12-21 21:58:12.981][Trace][13627][75p69558] gb28181: client id=31011500991320003128 sip session is remove
[0m[2021-12-21 21:58:13.250][Trace][13627][6ut68ozd] gb28181: client id=31011500991320007091 sip session is remove